This is pdfTeX, Version 3.1415926-1.40.10 (TeX Live 2009/Debian) (format=pdflatex 2013.6.26)  21 MAY 2014 23:14
entering extended mode
 \write18 enabled.
 %&-line parsing enabled.
**TwinsQQ_BhalotraClarke.tex
(./TwinsQQ_BhalotraClarke.tex
LaTeX2e <2009/09/24>
Babel <v3.8l> and hyphenation patterns for english, usenglishmax, dumylang, noh
yphenation, farsi, arabic, croatian, bulgarian, ukrainian, russian, czech, slov
ak, danish, dutch, finnish, french, basque, ngerman, german, german-x-2009-06-1
9, ngerman-x-2009-06-19, ibycus, monogreek, greek, ancientgreek, hungarian, san
skrit, italian, latin, latvian, lithuanian, mongolian2a, mongolian, bokmal, nyn
orsk, romanian, irish, coptic, serbian, turkish, welsh, esperanto, uppersorbian
, estonian, indonesian, interlingua, icelandic, kurmanji, slovenian, polish, po
rtuguese, spanish, galician, catalan, swedish, ukenglish, pinyin, loaded.
(/usr/share/texmf-texlive/tex/latex/base/article.cls
Document Class: article 2007/10/19 v1.4h Standard LaTeX document class
(/usr/share/texmf-texlive/tex/latex/base/size10.clo
File: size10.clo 2007/10/19 v1.4h Standard LaTeX file (size option)
)
\c@part=\count79
\c@section=\count80
\c@subsection=\count81
\c@subsubsection=\count82
\c@paragraph=\count83
\c@subparagraph=\count84
\c@figure=\count85
\c@table=\count86
\abovecaptionskip=\skip41
\belowcaptionskip=\skip42
\bibindent=\dimen102
)
(/usr/share/texmf-texlive/tex/latex/floatrow/floatrow.sty
Package: floatrow 2008/08/02 v0.3b floatrow: float package extension

(/usr/share/texmf-texlive/tex/latex/graphics/keyval.sty
Package: keyval 1999/03/16 v1.13 key=value parser (DPC)
\KV@toks@=\toks14
)
(/usr/share/texmf-texlive/tex/latex/caption/caption3.sty
Package: caption3 2009/10/09 v3.1k caption3 kernel (AR)
\captionmargin=\dimen103
\captionmargin@=\dimen104
\captionwidth=\dimen105
\caption@indent=\dimen106
\caption@parindent=\dimen107
\caption@hangindent=\dimen108
)
\c@float@type=\count87
\float@exts=\toks15
\float@box=\box26
\@floatcapt=\box27
Package floatrow Info: Modified float package code loaded on input line 455.
Package floatrow Info: Modified rotfloat package code loaded on input line 473.

\FR@everyfloat=\toks16
\flrow@foot=\insert233
\FB@wd=\dimen109
\FBo@wd=\dimen110
\FBc@wd=\dimen111
\FBo@ht=\skip43
\FBc@ht=\skip44
\FBf@ht=\skip45
\FBo@max=\skip46
\FBc@max=\skip47
\FBf@max=\skip48
\c@FBl@b=\count88
\floatbox@depth=\count89
\c@FRobj=\count90
\c@FRsobj=\count91
\Xhsize=\skip49
\sXhsize=\skip50
\Zhsize=\skip51
\sZhsize=\skip52
\flrow@rowbox=\box28
\FR@Zunitlength=\dimen112
\c@FBcnt=\count92
\FPOScnt=\count93
\LTleft=\skip53
\LTright=\skip54
\LTleft=\skip55
\LTright=\skip56
\flrow@types=\toks17
)
(/usr/share/texmf-texlive/tex/latex/ltxmisc/url.sty
\Urlmuskip=\muskip10
Package: url 2006/04/12  ver 3.3  Verb mode for urls, etc.
)
(/usr/share/texmf-texlive/tex/latex/tools/longtable.sty
Package: longtable 2004/02/01 v4.11 Multi-page Table package (DPC)
\LTleft=\skip57
\LTright=\skip58
\LTpre=\skip59
\LTpost=\skip60
\LTchunksize=\count94
\LTcapwidth=\dimen113
\LT@head=\box29
\LT@firsthead=\box30
\LT@foot=\box31
\LT@lastfoot=\box32
\LT@cols=\count95
\LT@rows=\count96
\c@LT@tables=\count97
\c@LT@chunks=\count98
\LT@p@ftn=\toks18
)
(/usr/share/texmf-texlive/tex/latex/booktabs/booktabs.sty
Package: booktabs 2005/04/14 v1.61803 publication quality tables
\heavyrulewidth=\dimen114
\lightrulewidth=\dimen115
\cmidrulewidth=\dimen116
\belowrulesep=\dimen117
\belowbottomsep=\dimen118
\aboverulesep=\dimen119
\abovetopsep=\dimen120
\cmidrulesep=\dimen121
\cmidrulekern=\dimen122
\defaultaddspace=\dimen123
\@cmidla=\count99
\@cmidlb=\count100
\@aboverulesep=\dimen124
\@belowrulesep=\dimen125
\@thisruleclass=\count101
\@lastruleclass=\count102
\@thisrulewidth=\dimen126
)
(/usr/share/texmf-texlive/tex/latex/rotating/rotating.sty
Package: rotating 2009/03/28 v2.16a rotated objects in LaTeX

(/usr/share/texmf-texlive/tex/latex/graphics/graphicx.sty
Package: graphicx 1999/02/16 v1.0f Enhanced LaTeX Graphics (DPC,SPQR)

(/usr/share/texmf-texlive/tex/latex/graphics/graphics.sty
Package: graphics 2009/02/05 v1.0o Standard LaTeX Graphics (DPC,SPQR)

(/usr/share/texmf-texlive/tex/latex/graphics/trig.sty
Package: trig 1999/03/16 v1.09 sin cos tan (DPC)
)
(/etc/texmf/tex/latex/config/graphics.cfg
File: graphics.cfg 2009/08/28 v1.8 graphics configuration of TeX Live
)
Package graphics Info: Driver file: pdftex.def on input line 91.

(/usr/share/texmf-texlive/tex/latex/pdftex-def/pdftex.def
File: pdftex.def 2010/03/12 v0.04p Graphics/color for pdfTeX
\Gread@gobject=\count103
))
\Gin@req@height=\dimen127
\Gin@req@width=\dimen128
)
(/usr/share/texmf-texlive/tex/latex/base/ifthen.sty
Package: ifthen 2001/05/26 v1.1c Standard LaTeX ifthen package (DPC)
)
\c@r@tfl@t=\count104
\rotFPtop=\skip61
\rotFPbot=\skip62
\rot@float@box=\box33
\rot@mess@toks=\toks19
)
(/usr/share/texmf-texlive/tex/latex/tools/dcolumn.sty
Package: dcolumn 2001/05/28 v1.06 decimal alignment package (DPC)

(/usr/share/texmf-texlive/tex/latex/tools/array.sty
Package: array 2008/09/09 v2.4c Tabular extension package (FMi)
\col@sep=\dimen129
\extrarowheight=\dimen130
\NC@list=\toks20
\extratabsurround=\skip63
\backup@length=\skip64
))
(/usr/share/texmf-texlive/tex/latex/graphics/color.sty
Package: color 2005/11/14 v1.0j Standard LaTeX Color (DPC)

(/etc/texmf/tex/latex/config/color.cfg
File: color.cfg 2007/01/18 v1.5 color configuration of teTeX/TeXLive
)
Package color Info: Driver file: pdftex.def on input line 130.
)
\GPT@outputbox=\box34

(/usr/share/texmf-texlive/tex/latex/pdfpages/pdfpages.sty
Package: pdfpages 2009/02/07 v0.4g Insert pages of external PDF documents (AM)

(/usr/share/texmf-texlive/tex/latex/tools/calc.sty
Package: calc 2007/08/22 v4.3 Infix arithmetic (KKT,FJ)
\calc@Acount=\count105
\calc@Bcount=\count106
\calc@Adimen=\dimen131
\calc@Bdimen=\dimen132
\calc@Askip=\skip65
\calc@Bskip=\skip66
LaTeX Info: Redefining \setlength on input line 76.
LaTeX Info: Redefining \addtolength on input line 77.
\calc@Ccount=\count107
\calc@Cskip=\skip67
)
(/usr/share/texmf-texlive/tex/latex/eso-pic/eso-pic.sty
Package: eso-pic 2006/07/14 v1.1d eso-pic (RN)

(/usr/share/texmf-texlive/tex/latex/ms/everyshi.sty
Package: everyshi 2001/05/15 v3.00 EveryShipout Package (MS)
))
(/usr/share/texmf-texlive/tex/latex/pdfpages/pppdftex.def
File: pppdftex.def 2009/02/07 v0.4g Pdfpages driver for pdfTeX (AM)
)
\AM@pagebox=\box35
\AM@toc@title=\toks21
\c@AM@survey=\count108
\AM@templatesizebox=\box36
)
(/usr/share/texmf-texlive/tex/latex/lastpage/lastpage.sty
Package: lastpage 1994/06/25 v0.1b LaTeX2e package for refs to last page number
 (JPG)
)
(/usr/share/texmf-texlive/tex/latex/graphics/lscape.sty
Package: lscape 2000/10/22 v3.01 Landscape Pages (DPC)
)
(/usr/share/texmf-texlive/tex/latex/setspace/setspace.sty
Package: setspace 2000/12/01 6.7 Contributed and Supported LaTeX2e package

Package: `setspace' 6.7 <2000/12/01>
) (/usr/share/texmf-texlive/tex/latex/amsmath/amsmath.sty
Package: amsmath 2000/07/18 v2.13 AMS math features
\@mathmargin=\skip68

For additional information on amsmath, use the `?' option.
(/usr/share/texmf-texlive/tex/latex/amsmath/amstext.sty
Package: amstext 2000/06/29 v2.01

(/usr/share/texmf-texlive/tex/latex/amsmath/amsgen.sty
File: amsgen.sty 1999/11/30 v2.0
\@emptytoks=\toks22
\ex@=\dimen133
))
(/usr/share/texmf-texlive/tex/latex/amsmath/amsbsy.sty
Package: amsbsy 1999/11/29 v1.2d
\pmbraise@=\dimen134
)
(/usr/share/texmf-texlive/tex/latex/amsmath/amsopn.sty
Package: amsopn 1999/12/14 v2.01 operator names
)
\inf@bad=\count109
LaTeX Info: Redefining \frac on input line 211.
\uproot@=\count110
\leftroot@=\count111
LaTeX Info: Redefining \overline on input line 307.
\classnum@=\count112
\DOTSCASE@=\count113
LaTeX Info: Redefining \ldots on input line 379.
LaTeX Info: Redefining \dots on input line 382.
LaTeX Info: Redefining \cdots on input line 467.
\Mathstrutbox@=\box37
\strutbox@=\box38
\big@size=\dimen135
LaTeX Font Info:    Redeclaring font encoding OML on input line 567.
LaTeX Font Info:    Redeclaring font encoding OMS on input line 568.
\macc@depth=\count114
\c@MaxMatrixCols=\count115
\dotsspace@=\muskip11
\c@parentequation=\count116
\dspbrk@lvl=\count117
\tag@help=\toks23
\row@=\count118
\column@=\count119
\maxfields@=\count120
\andhelp@=\toks24
\eqnshift@=\dimen136
\alignsep@=\dimen137
\tagshift@=\dimen138
\tagwidth@=\dimen139
\totwidth@=\dimen140
\lineht@=\dimen141
\@envbody=\toks25
\multlinegap=\skip69
\multlinetaggap=\skip70
\mathdisplay@stack=\toks26
LaTeX Info: Redefining \[ on input line 2666.
LaTeX Info: Redefining \] on input line 2667.
)
(/usr/share/texmf-texlive/tex/latex/amsfonts/amssymb.sty
Package: amssymb 2009/06/22 v3.00

(/usr/share/texmf-texlive/tex/latex/amsfonts/amsfonts.sty
Package: amsfonts 2009/06/22 v3.00 Basic AMSFonts support
\symAMSa=\mathgroup4
\symAMSb=\mathgroup5
LaTeX Font Info:    Overwriting math alphabet `\mathfrak' in version `bold'
(Font)                  U/euf/m/n --> U/euf/b/n on input line 96.
))
(/usr/share/texmf-texlive/tex/latex/mh/breqn.sty
Package: breqn 2008/08/13 v0.98a

(/usr/share/texmf-texlive/tex/latex/mh/flexisym.sty
Package: flexisym 2008/07/23 v0.97
LaTeX Info: Redefining \textprime on input line 178.
LaTeX Info: Redefining \not on input line 235.

(/usr/share/texmf-texlive/tex/latex/mh/cmbase.sym
File: cmbase.sym 2007/12/19 v0.92
LaTeX Info: Redefining \hbar on input line 321.
LaTeX Info: Redefining \surd on input line 323.
LaTeX Info: Redefining \angle on input line 331.
LaTeX Info: Redefining \neq on input line 332.
LaTeX Info: Redefining \mapsto on input line 333.
LaTeX Info: Redefining \cong on input line 334.
LaTeX Info: Redefining \notin on input line 337.
LaTeX Info: Redefining \rightleftharpoons on input line 338.
LaTeX Info: Redefining \doteq on input line 339.
LaTeX Info: Redefining \hookrightarrow on input line 340.
LaTeX Info: Redefining \hookleftarrow on input line 341.
LaTeX Info: Redefining \bowtie on input line 342.
LaTeX Info: Redefining \models on input line 343.
LaTeX Info: Redefining \Longrightarrow on input line 344.
LaTeX Info: Redefining \longrightarrow on input line 345.
LaTeX Info: Redefining \Longleftarrow on input line 346.
LaTeX Info: Redefining \longleftarrow on input line 347.
LaTeX Info: Redefining \longmapsto on input line 348.
LaTeX Info: Redefining \longleftrightarrow on input line 349.
LaTeX Info: Redefining \Longleftrightarrow on input line 350.
LaTeX Info: Redefining \cdots on input line 354.
LaTeX Info: Redefining \vdots on input line 357.
LaTeX Info: Redefining \ddots on input line 362.
)
(/usr/share/texmf-texlive/tex/latex/mh/mathstyle.sty
Package: mathstyle 2008/07/23 v0.85
LaTeX Info: Redefining \displaystyle on input line 76.
LaTeX Info: Redefining \textstyle on input line 78.
LaTeX Info: Redefining \scriptstyle on input line 80.
LaTeX Info: Redefining \scriptscriptstyle on input line 82.
LaTeX Info: Redefining \genfrac on input line 116.
))
\inf@bad=\count121
\maxint=\count122
\listwidth=\dimen142
\eqnumsep=\dimen143
\eqmargin=\dimen144
\eqlinespacing=\skip71
\eqlineskip=\skip72
\eqlineskiplimit=\dimen145
\eqbinoffset=\muskip12
\eqdelimoffset=\muskip13
\eqindentstep=\dimen146
\eqstyle=\toks27
\eqbreakdepth=\count123
\eqinterlinepenalty=\count124
\intereqpenalty=\count125
\intereqskip=\skip73
\prerelpenalty=\count126
\prebinoppenalty=\count127
\Dmedmuskip=\muskip14
\Dthickmuskip=\muskip15
\eqleftskip=\skip74
\eqrightskip=\skip75
\eq@vspan=\skip76
\eq@binoffset=\muskip16
\EQ@box=\box39
\EQ@copy=\box40
\EQ@numbox=\box41
\eq@wdNum=\dimen147
\GRP@numbox=\box42
\grp@wdNum=\dimen148
\eq@lines=\count128
\eq@curline=\count129
\eq@badness=\count130
\EQ@vims=\count131
\eq@dp=\dimen149
\eq@wdL=\dimen150
\eq@wdT=\dimen151
\eq@wdMin=\dimen152
\grp@wdL=\dimen153
\grp@wdR=\dimen154
\grp@wdT=\dimen155
\eq@wdRmax=\dimen156
\eq@firstht=\dimen157
\eq@wdCond=\dimen158
\eq@indentstep=\dimen159
\eq@linewidth=\dimen160
\grp@linewidth=\dimen161
\eq@hshift=\dimen162
\eq@given@sidespace=\dimen163
\mathindent=\dimen164
\eq@final@linecount=\count132
\eq@wdR=\dimen165
\EQ@continue=\toks28
\lr@level=\count133
\GRP@queue=\toks29
\GRP@box=\box43
\GRP@wholebox=\box44
\darraycolsep=\skip77
\cur@row=\count134
\cur@col=\count135
\conditionsep=\skip78
)
(/usr/share/texmf-texlive/tex/latex/appendix/appendix.sty
Package: appendix 2009/09/02 v1.2b extra appendix facilities
\c@@pps=\count136
\c@@ppsavesec=\count137
\c@@ppsaveapp=\count138
)
(/usr/share/texmf-texlive/tex/latex/natbib/natbib.sty
Package: natbib 2009/07/16 8.31 (PWD, AO)
\bibhang=\skip79
\bibsep=\skip80
LaTeX Info: Redefining \cite on input line 694.
\c@NAT@ctr=\count139
)
(/usr/share/texmf-texlive/tex/latex/caption/caption.sty
Package: caption 2009/10/09 v3.1k Customizing captions (AR)
\c@ContinuedFloat=\count140
Package caption Info: float package is loaded.
Package caption Info: floatrow package is loaded.
Package caption Info: longtable package is loaded.

(/usr/share/texmf-texlive/tex/latex/caption/ltcaption.sty
Package: ltcaption 2008/03/28 v1.2 longtable captions (AR)
)
Package caption Info: rotating package is loaded.
)
(/usr/share/texmf-texlive/tex/latex/caption/subcaption.sty
Package: subcaption 2008/08/31 v1.0b Adding subcaptions (AR)
\c@subfigure=\count141
\c@subtable=\count142
)
(/usr/share/texmf-texlive/tex/latex/graphics/epsfig.sty
Package: epsfig 1999/02/16 v1.7a (e)psfig emulation (SPQR)
\epsfxsize=\dimen166
\epsfysize=\dimen167
)
(/usr/share/texmf-texlive/tex/latex/oberdiek/epstopdf.sty
Package: epstopdf 2009/10/17 v2.4 Conversion with epstopdf on the fly (HO)

(/usr/share/texmf-texlive/tex/latex/oberdiek/epstopdf-base.sty
Package: epstopdf-base 2009/10/17 v2.4 Base part for package epstopdf

(/usr/share/texmf-texlive/tex/generic/oberdiek/infwarerr.sty
Package: infwarerr 2007/09/09 v1.2 Providing info/warning/message (HO)
)
(/usr/share/texmf-texlive/tex/latex/oberdiek/grfext.sty
Package: grfext 2007/09/30 v1.0 Managing graphics extensions (HO)
)
(/usr/share/texmf-texlive/tex/latex/oberdiek/kvoptions.sty
Package: kvoptions 2009/08/13 v3.4 Keyval support for LaTeX options (HO)

(/usr/share/texmf-texlive/tex/generic/oberdiek/kvsetkeys.sty
Package: kvsetkeys 2009/07/30 v1.5 Key value parser with default handler suppor
t (HO)

(/usr/share/texmf-texlive/tex/generic/oberdiek/etexcmds.sty
Package: etexcmds 2007/12/12 v1.2 Prefix for e-TeX command names (HO)
Package etexcmds Info: Could not find \expanded.
(etexcmds)             That can mean that you are not using pdfTeX 1.50 or
(etexcmds)             that some package has redefined \expanded.
(etexcmds)             In the latter case, load this package earlier.
)))
(/usr/share/texmf-texlive/tex/generic/oberdiek/pdftexcmds.sty
Package: pdftexcmds 2009/09/23 v0.6 LuaTeX support for pdfTeX utility functions
 (HO)

(/usr/share/texmf-texlive/tex/generic/oberdiek/ifluatex.sty
Package: ifluatex 2009/04/17 v1.2 Provides the ifluatex switch (HO)
Package ifluatex Info: LuaTeX not detected.
)
(/usr/share/texmf-texlive/tex/generic/oberdiek/ltxcmds.sty
Package: ltxcmds 2009/08/05 v1.0 Some LaTeX kernel commands for general use (HO
)
)
Package pdftexcmds Info: LuaTeX not detected.
Package pdftexcmds Info: \pdf@primitive is available.
Package pdftexcmds Info: \pdf@ifprimitive is available.
)
Package grfext Info: Graphics extension search list:
(grfext)             [.png,.pdf,.jpg,.mps,.jpeg,.jbig2,.jb2,.PNG,.PDF,.JPG,.JPE
G,.JBIG2,.JB2,.eps]
(grfext)             \AppendGraphicsExtensions on input line 433.

(/usr/share/texmf-texlive/tex/latex/latexconfig/epstopdf-sys.cfg
File: epstopdf-sys.cfg 2009/10/26 v1.1 Configuration of epstopdf for TeX Live
)))
(/usr/share/texmf-texlive/tex/latex/multirow/multirow.sty
\bigstrutjot=\dimen168
)
(/usr/share/texmf-texlive/tex/latex/wrapfig/wrapfig.sty
\wrapoverhang=\dimen169
\WF@size=\dimen170
\c@WF@wrappedlines=\count143
\WF@box=\box45
\WF@everypar=\toks30
Package: wrapfig 2003/01/31  v 3.6
)
(/usr/share/texmf-texlive/tex/latex/blindtext/blindtext.sty
Package: blindtext 2009/06/14 V1.9b blindtext-Package

(/usr/share/texmf-texlive/tex/latex/tools/xspace.sty
Package: xspace 2006/05/08 v1.12 Space after command names (DPC,MH)
)
\c@blindtext=\count144
\c@Blindtext=\count145
\blind@countxx=\count146
\blindtext@numBlindtext=\count147
\blind@countyy=\count148
\c@blindlist=\count149
\c@blindlistlevel=\count150
\c@blindlist@level=\count151
\blind@listitem=\count152
\c@blind@listcount=\count153
\c@blind@levelcount=\count154
\blind@mathformula=\count155
\blind@Mathformula=\count156
)
(/usr/share/texmf-texlive/tex/latex/changepage/changepage.sty
Package: changepage 2009/10/20 v1.0c check page and change page layout
\c@cp@cntr=\count157
\cp@tempcnt=\count158
)
(./TwinsQQ_BhalotraClarke.aux

LaTeX Warning: Label `TWINtab:sumstats' multiply defined.

)
\openout1 = `TwinsQQ_BhalotraClarke.aux'.

LaTeX Font Info:    Checking defaults for OML/cmm/m/it on input line 73.
LaTeX Font Info:    ... okay on input line 73.
LaTeX Font Info:    Checking defaults for T1/cmr/m/n on input line 73.
LaTeX Font Info:    ... okay on input line 73.
LaTeX Font Info:    Checking defaults for OT1/cmr/m/n on input line 73.
LaTeX Font Info:    ... okay on input line 73.
LaTeX Font Info:    Checking defaults for OMS/cmsy/m/n on input line 73.
LaTeX Font Info:    ... okay on input line 73.
LaTeX Font Info:    Checking defaults for OMX/cmex/m/n on input line 73.
LaTeX Font Info:    ... okay on input line 73.
LaTeX Font Info:    Checking defaults for U/cmr/m/n on input line 73.
LaTeX Font Info:    ... okay on input line 73.
Package caption Info: Begin \AtBeginDocument code.
Package caption Info: wrapfig package is loaded.
Package caption Info: End \AtBeginDocument code.
 (/usr/share/texmf-texlive/tex/latex/floatrow/fr-longtable.sty
Package: fr-longtable 2007/11/28 v0.1b (beta) floatrow: additions for longtable

\flrow@LT@lasthead=\box46
\flrow@LT@prelastfoot=\box47
\c@FBLTpage=\count159
)
(/usr/share/texmf-texlive/tex/context/base/supp-pdf.mkii
[Loading MPS to PDF converter (version 2006.09.02).]
\scratchcounter=\count160
\scratchdimen=\dimen171
\scratchbox=\box48
\nofMPsegments=\count161
\nofMParguments=\count162
\everyMPshowfont=\toks31
\MPscratchCnt=\count163
\MPscratchDim=\dimen172
\MPnumerator=\count164
\everyMPtoPDFconversion=\toks32
) ABD: EveryShipout initializing macros
LaTeX Font Info:    Try loading font information for U+msa on input line 76.

(/usr/share/texmf-texlive/tex/latex/amsfonts/umsa.fd
File: umsa.fd 2009/06/22 v3.00 AMS symbols A
)
LaTeX Font Info:    Try loading font information for U+msb on input line 76.

(/usr/share/texmf-texlive/tex/latex/amsfonts/umsb.fd
File: umsb.fd 2009/06/22 v3.00 AMS symbols B
)
Underfull \hbox (badness 10000) in paragraph at lines 78--93

 []


Underfull \hbox (badness 10000) in paragraph at lines 95--96

 []

[1

{/var/lib/texmf/fonts/map/pdftex/updmap/pdftex.map}] (./Introduction.tex)
(./TwinLiterature.tex) (./Data.tex [2]) (./Methodology.tex
(./Methodology/QQ.tex) (./Methodology/BoundEst.tex [3] [4])) (./Results.tex
(./Results/TwinExogeneity.tex [5]) (./Results/TwinQQ.tex [6])
(./Results/Bounds.tex [7])) (./Conclusion.tex) [8]
(./../../../Twins/Figures/Figures.tex
Package epstopdf Info: Source file: <./../../../Twins/Figures/ferttrend_35_all.
eps>
(epstopdf)                    date: 2014-05-05 16:33:03
(epstopdf)                    size: 15844 bytes
(epstopdf)             Output file: <./../../../Twins/Figures/ferttrend_35_all-
eps-converted-to.pdf>
(epstopdf)                    date: 2014-05-05 16:37:53
(epstopdf)                    size: 8585 bytes
(epstopdf)             Command: <epstopdf --outfile=./../../../Twins/Figures/fe
rttrend_35_all-eps-converted-to.pdf ./../../../Twins/Figures/ferttrend_35_all.e
ps>
(epstopdf)             \includegraphics on input line 5.
Package epstopdf Info: Output file is already uptodate.

<./../../../Twins/Figures/ferttrend_35_all-eps-converted-to.pdf, id=49, 397.485
pt x 289.08pt>
File: ./../../../Twins/Figures/ferttrend_35_all-eps-converted-to.pdf Graphic fi
le (type pdf)

<use ./../../../Twins/Figures/ferttrend_35_all-eps-converted-to.pdf>
Overfull \hbox (1.08295pt too wide) in paragraph at lines 5--6
 [][] 
 []

Package epstopdf Info: Source file: <./../../../Twins/Figures/eductrend_all.eps
>
(epstopdf)                    date: 2014-05-05 16:31:39
(epstopdf)                    size: 13302 bytes
(epstopdf)             Output file: <./../../../Twins/Figures/eductrend_all-eps
-converted-to.pdf>
(epstopdf)                    date: 2014-05-05 16:37:53
(epstopdf)                    size: 7472 bytes
(epstopdf)             Command: <epstopdf --outfile=./../../../Twins/Figures/ed
uctrend_all-eps-converted-to.pdf ./../../../Twins/Figures/eductrend_all.eps>
(epstopdf)             \includegraphics on input line 11.
Package epstopdf Info: Output file is already uptodate.

<./../../../Twins/Figures/eductrend_all-eps-converted-to.pdf, id=50, 397.485pt 
x 289.08pt>
File: ./../../../Twins/Figures/eductrend_all-eps-converted-to.pdf Graphic file 
(type pdf)
 <use ./../../../Twins/Figures/eductrend_all-eps-converted-to.pdf>
Package epstopdf Info: Source file: <./../../../Twins/Figures/twinbybord.eps>
(epstopdf)                    date: 2014-04-26 17:07:13
(epstopdf)                    size: 14061 bytes
(epstopdf)             Output file: <./../../../Twins/Figures/twinbybord-eps-co
nverted-to.pdf>
(epstopdf)                    date: 2014-04-26 21:48:24
(epstopdf)                    size: 7694 bytes
(epstopdf)             Command: <epstopdf --outfile=./../../../Twins/Figures/tw
inbybord-eps-converted-to.pdf ./../../../Twins/Figures/twinbybord.eps>
(epstopdf)             \includegraphics on input line 28.
Package epstopdf Info: Output file is already uptodate.

<./../../../Twins/Figures/twinbybord-eps-converted-to.pdf, id=51, 397.485pt x 2
89.08pt>
File: ./../../../Twins/Figures/twinbybord-eps-converted-to.pdf Graphic file (ty
pe pdf)
 <use ./../../../Twins/Figures/twinbybord-eps-converted-to.pdf>
Package epstopdf Info: Source file: <./../../../Twins/Figures/famsize.eps>
(epstopdf)                    date: 2014-04-26 17:04:04
(epstopdf)                    size: 27107 bytes
(epstopdf)             Output file: <./../../../Twins/Figures/famsize-eps-conve
rted-to.pdf>
(epstopdf)                    date: 2014-04-26 21:48:24
(epstopdf)                    size: 12173 bytes
(epstopdf)             Command: <epstopdf --outfile=./../../../Twins/Figures/fa
msize-eps-converted-to.pdf ./../../../Twins/Figures/famsize.eps>
(epstopdf)             \includegraphics on input line 36.
Package epstopdf Info: Output file is already uptodate.

<./../../../Twins/Figures/famsize-eps-converted-to.pdf, id=52, 397.485pt x 289.
08pt>
File: ./../../../Twins/Figures/famsize-eps-converted-to.pdf Graphic file (type 
pdf)
 <use ./../../../Twins/Figures/famsize-eps-converted-to.pdf>
Package epstopdf Info: Source file: <./../../../Twins/Figures/idealfamsize.eps>

(epstopdf)                    date: 2014-04-26 22:44:20
(epstopdf)                    size: 14629 bytes
(epstopdf)             Output file: <./../../../Twins/Figures/idealfamsize-eps-
converted-to.pdf>
(epstopdf)                    date: 2014-04-26 22:47:20
(epstopdf)                    size: 7699 bytes
(epstopdf)             Command: <epstopdf --outfile=./../../../Twins/Figures/id
ealfamsize-eps-converted-to.pdf ./../../../Twins/Figures/idealfamsize.eps>
(epstopdf)             \includegraphics on input line 44.
Package epstopdf Info: Output file is already uptodate.

<./../../../Twins/Figures/idealfamsize-eps-converted-to.pdf, id=53, 397.485pt x
 289.08pt>
File: ./../../../Twins/Figures/idealfamsize-eps-converted-to.pdf Graphic file (
type pdf)
 <use ./../../../Twins/Figures/idealfamsize-eps-converted-to.pdf>
Package epstopdf Info: Source file: <./../../../Twins/Figures/idealfam_fert.eps
>
(epstopdf)                    date: 2014-04-30 13:00:59
(epstopdf)                    size: 15228 bytes
(epstopdf)             Output file: <./../../../Twins/Figures/idealfam_fert-eps
-converted-to.pdf>
(epstopdf)                    date: 2014-04-30 13:05:41
(epstopdf)                    size: 7671 bytes
(epstopdf)             Command: <epstopdf --outfile=./../../../Twins/Figures/id
ealfam_fert-eps-converted-to.pdf ./../../../Twins/Figures/idealfam_fert.eps>
(epstopdf)             \includegraphics on input line 52.
Package epstopdf Info: Output file is already uptodate.

<./../../../Twins/Figures/idealfam_fert-eps-converted-to.pdf, id=54, 397.485pt 
x 289.08pt>
File: ./../../../Twins/Figures/idealfam_fert-eps-converted-to.pdf Graphic file 
(type pdf)
 <use ./../../../Twins/Figures/idealfam_fert-eps-converted-to.pdf>
Package epstopdf Info: Source file: <./../../../Twins/Figures/LTZ_two.eps>
(epstopdf)                    date: 2014-04-01 17:49:02
(epstopdf)                    size: 14665 bytes
(epstopdf)             Output file: <./../../../Twins/Figures/LTZ_two-eps-conve
rted-to.pdf>
(epstopdf)                    date: 2014-04-01 17:57:26
(epstopdf)                    size: 8317 bytes
(epstopdf)             Command: <epstopdf --outfile=./../../../Twins/Figures/LT
Z_two-eps-converted-to.pdf ./../../../Twins/Figures/LTZ_two.eps>
(epstopdf)             \includegraphics on input line 60.
Package epstopdf Info: Output file is already uptodate.

<./../../../Twins/Figures/LTZ_two-eps-converted-to.pdf, id=55, 397.485pt x 289.
08pt>
File: ./../../../Twins/Figures/LTZ_two-eps-converted-to.pdf Graphic file (type 
pdf)
 <use ./../../../Twins/Figures/LTZ_two-eps-converted-to.pdf>
Package epstopdf Info: Source file: <./../../../Twins/Figures/LTZ_three.eps>
(epstopdf)                    date: 2014-04-01 18:02:16
(epstopdf)                    size: 14549 bytes
(epstopdf)             Output file: <./../../../Twins/Figures/LTZ_three-eps-con
verted-to.pdf>
(epstopdf)                    date: 2014-04-01 19:04:50
(epstopdf)                    size: 8289 bytes
(epstopdf)             Command: <epstopdf --outfile=./../../../Twins/Figures/LT
Z_three-eps-converted-to.pdf ./../../../Twins/Figures/LTZ_three.eps>
(epstopdf)             \includegraphics on input line 70.
Package epstopdf Info: Output file is already uptodate.

<./../../../Twins/Figures/LTZ_three-eps-converted-to.pdf, id=56, 397.485pt x 28
9.08pt>
File: ./../../../Twins/Figures/LTZ_three-eps-converted-to.pdf Graphic file (typ
e pdf)
 <use ./../../../Twins/Figures/LTZ_three-eps-converted-to.pdf>) [9 <./../../../
Twins/Figures/ferttrend_35_all-eps-converted-to.pdf> <./../../../Twins/Figures/
eductrend_all-eps-converted-to.pdf> <./../../../Twins/Figures/twinbybord-eps-co
nverted-to.pdf>] [10 <./../../../Twins/Figures/famsize-eps-converted-to.pdf> <.
/../../../Twins/Figures/idealfamsize-eps-converted-to.pdf>] [11 <./../../../Twi
ns/Figures/idealfam_fert-eps-converted-to.pdf> <./../../../Twins/Figures/LTZ_tw
o-eps-converted-to.pdf>] [12 <./../../../Twins/Figures/LTZ_three-eps-converted-
to.pdf>] (./../../../Twins/Tables/Tables.tex
(./../../../Twins/Tables/Summary.tex)
(./../../../Twins/Tables/Balance_mother.tex)
(./../../../Twins/Tables/IMRtest.tex) (./../../../Twins/Tables/OLS.tex [13

]
[14] [15]

LaTeX Warning: Float too large for page by 37.61693pt on input line 33.

[16]) (./../../../Twins/Tables/TwoPlusIV.tex

LaTeX Warning: Float too large for page by 10.40694pt on input line 46.

) (./../../../Twins/Tables/ThreePlusIV.tex

LaTeX Warning: Float too large for page by 10.40694pt on input line 46.

) (./../../../Twins/Tables/FourPlusIV.tex

LaTeX Warning: Float too large for page by 10.40694pt on input line 46.

) (./../../../Twins/Tables/Conley.tex) (./../../../Twins/Tables/Gender.tex))
[17] [18] [19] [20] (./TwinsQQ_BhalotraClarke.bbl) [21



]
(./../../../Twins/Tables/Appendix_Tables.tex
(./../../../Twins/Tables/Countries.tex
Underfull \hbox (badness 10000) in paragraph at lines 74--74
[]|\OT1/cmr/m/sc/8 Notes: \OT1/cmr/m/n/8 Coun-try in-come sta-tus is based upon
 World Bank clas-si-fi-ca-tions de-scribed
 []


Underfull \hbox (badness 10000) in paragraph at lines 74--74
\OT1/cmr/m/n/8 at http://data.worldbank.org/about/country-classifications and a
vail-able for down-load at
 []


Underfull \hbox (badness 10000) in paragraph at lines 74--74
\OT1/cmr/m/n/8 http://siteresources.worldbank.org/DATASTATISTICS/Resources/OGHI
ST.xls (con-sulted 1 April,
 []

[22]) (./../../../Twins/Tables/TwinReg.tex [23]

LaTeX Warning: Float too large for page by 28.2739pt on input line 33.

[24]) (./../../../Twins/Tables/FivePlusIV.tex

LaTeX Warning: Float too large for page by 10.40694pt on input line 46.

) (./../../../Twins/Tables/GenderIV.tex)
(./../../../Twins/Tables/firstStage.tex [25] [26]

LaTeX Warning: Float too large for page by 56.6169pt on input line 39.

[27])) AED: lastpage setting LastPage (./TwinsQQ_BhalotraClarke.aux)

LaTeX Warning: There were multiply-defined labels.

 ) 
Here is how much of TeX's memory you used:
 6383 strings out of 493848
 92003 string characters out of 1152823
 191857 words of memory out of 3000000
 9409 multiletter control sequences out of 15000+50000
 15338 words of font info for 59 fonts, out of 3000000 for 9000
 714 hyphenation exceptions out of 8191
 41i,16n,42p,1016b,560s stack positions out of 5000i,500n,10000p,200000b,50000s
</usr/share/texmf-texlive/fonts/type1/public/amsfonts/cm/cmbx10.pfb></usr/sha
re/texmf-texlive/fonts/type1/public/amsfonts/cm/cmbx12.pfb></usr/share/texmf-te
xlive/fonts/type1/public/amsfonts/cm/cmbx9.pfb></usr/share/texmf-texlive/fonts/
type1/public/amsfonts/cm/cmcsc10.pfb></usr/share/texmf-texlive/fonts/type1/publ
ic/amsfonts/cm/cmmi10.pfb></usr/share/texmf-texlive/fonts/type1/public/amsfonts
/cm/cmmi6.pfb></usr/share/texmf-texlive/fonts/type1/public/amsfonts/cm/cmmi7.pf
b></usr/share/texmf-texlive/fonts/type1/public/amsfonts/cm/cmmi8.pfb></usr/shar
e/texmf-texlive/fonts/type1/public/amsfonts/cm/cmr10.pfb></usr/share/texmf-texl
ive/fonts/type1/public/amsfonts/cm/cmr12.pfb></usr/share/texmf-texlive/fonts/ty
pe1/public/amsfonts/cm/cmr17.pfb></usr/share/texmf-texlive/fonts/type1/public/a
msfonts/cm/cmr6.pfb></usr/share/texmf-texlive/fonts/type1/public/amsfonts/cm/cm
r7.pfb></usr/share/texmf-texlive/fonts/type1/public/amsfonts/cm/cmr8.pfb></usr/
share/texmf-texlive/fonts/type1/public/amsfonts/cm/cmr9.pfb></usr/share/texmf-t
exlive/fonts/type1/public/amsfonts/cm/cmsy10.pfb></usr/share/texmf-texlive/font
s/type1/public/amsfonts/cm/cmsy6.pfb></usr/share/texmf-texlive/fonts/type1/publ
ic/amsfonts/cm/cmsy7.pfb></usr/share/texmf-texlive/fonts/type1/public/amsfonts/
cm/cmsy8.pfb></usr/share/texmf-texlive/fonts/type1/public/amsfonts/cm/cmti10.pf
b></usr/share/texmf-texlive/fonts/type1/public/amsfonts/cm/cmti8.pfb></usr/shar
e/texmf-texlive/fonts/type1/public/amsfonts/cm/cmti9.pfb></usr/share/texmf-texl
ive/fonts/type1/public/amsfonts/cm/cmtt10.pfb></usr/share/texmf-texlive/fonts/t
ype1/public/amsfonts/cm/cmtt8.pfb>
Output written on TwinsQQ_BhalotraClarke.pdf (27 pages, 397046 bytes).
PDF statistics:
 238 PDF objects out of 1000 (max. 8388607)
 0 named destinations out of 1000 (max. 500000)
 41 words of extra memory for PDF output out of 10000 (max. 10000000)

