This is pdfTeX, Version 3.1415926-1.40.11 (MiKTeX 2.9) (preloaded format=pdftex 2012.5.30)  30 MAY 2012 23:12
entering extended mode
**H:/ExtendedEssay/Docs/New*folder/BiBBase1.bib
("H:/ExtendedEssay/Docs/New folder/BiBBase1.bib"
Overfull \hbox (2.97762pt too wide) in paragraph at lines 37--48
\tenrm year=1980, vol-ume=48, num-ber=1, pages=227-40, month=January, keys=Quan
tity-Quality trade off; Twins;|

\hbox(6.94444+1.94444)x469.75499, glue set - 1.0
.\tenrm y
.\kern-0.27779
.\tenrm e
.\tenrm a
.\tenrm r
.etc.


Overfull \hbox (17.77393pt too wide) in paragraph at lines 97--108
\tenrm ing, jour-nal=Economics of Ed-u-ca-tion Re-view, year=1999, vol-ume=18, 
num-ber=2, pages=143-148, month=April,|

\hbox(6.94444+1.94444)x469.75499, glue set - 1.0
.\tenrm i
.\tenrm n
.\tenrm g
.\tenrm ,
.\glue 3.33333 plus 2.08331 minus 0.88889
.etc.


Overfull \hbox (3.05162pt too wide) in paragraph at lines 133--144
\tenrm ment in Child Qual-ity, jour-nal=Journal of Hu-man Re-sources, year=2006
, vol-ume=41, num-ber=4, pages=738--|

\hbox(6.94444+1.94444)x469.75499, glue set - 1.0
.\tenrm m
.\tenrm e
.\tenrm n
.\kern-0.27779
.\tenrm t
.etc.


Overfull \hbox (39.02403pt too wide) in paragraph at lines 145--156
\tenrm Qual-ity, jour-nal=Journal of Po-lit-i-cal Econ-omy, year=1992, vol-ume=
100, num-ber=1, pages=84-117, month=February,|

\hbox(6.94444+1.94444)x469.75499, glue set - 1.0
.\tenrm Q
.\tenrm u
.\tenrm a
.\tenrm l
.\discretionary
..\tenrm -
.etc.

Missing character: There is no â in font cmr10!
Missing character: There is no € in font cmr10!
Missing character: There is no ™ in font cmr10!

Overfull \hbox (2.135pt too wide) in paragraph at lines 179--190
\tenrm Asian in-stru-ment, jour-nal=Journal of Pop-u-la-tion Eco-nomics, year=2
008, vol-ume=21, num-ber=4, pages=855-|

\hbox(6.94444+1.94444)x469.75499, glue set - 1.0
.\tenrm A
.\tenrm s
.\tenrm i
.\tenrm a
.\tenrm n
.etc.

[1{C:/ProgramData/MiKTeX/2.9/pdftex/config/pdftex.map}]
Overfull \hbox (4.02388pt too wide) in paragraph at lines 202--212
\tenrm Only-Child Dis-ad-van-tage in School En-roll-ment in Ru-ral China, year=
2009, month=May, in-sti-tu-tion=National|

\hbox(6.94444+1.94444)x469.75499, glue set - 1.0
.\tenrm O
.\tenrm n
.\tenrm l
.\tenrm y
.\tenrm -
.etc.


Overfull \hbox (39.02403pt too wide) in paragraph at lines 293--304
\tenrm Qual-ity, jour-nal=Journal of Po-lit-i-cal Econ-omy, year=1992, vol-ume=
100, num-ber=1, pages=84-117, month=February,|

\hbox(6.94444+1.94444)x469.75499, glue set - 1.0
.\tenrm Q
.\tenrm u
.\tenrm a
.\tenrm l
.\discretionary
..\tenrm -
.etc.

[2]
Missing character: There is no â in font cmr10!
Missing character: There is no € in font cmr10!
Missing character: There is no “ in font cmr10!
)
*
! Emergency stop.
<*> H:/ExtendedEssay/Docs/New*folder/BiBBase1.bib
                                                 
End of file on the terminal!

!  ==> Fatal error occurred, no output PDF file produced!
