--------------------------------------------------------------------------------------------
      name:  <unnamed>
       log:  H:\ExtendedEssay\Twins\log\20120210_CheckTwins.log
  log type:  text
 opened on:  10 Feb 2012, 14:00:23

. set more off

. set mem 50m

. 
. use "Data\Birthdatabase19902008v4.dta"

. tab sex

        sex |      Freq.     Percent        Cum.
------------+-----------------------------------
       Male |    416,109       51.24       51.24
     Female |    396,041       48.76      100.00
------------+-----------------------------------
      Total |    812,150      100.00

. 
. sort year_birth month_birth day_birth

. gen sameday=day_birth[_n]-day_birth[_n-1]
(809180 missing values generated)

. gen sameday2=sameday[_n+1]
(809180 missing values generated)

. 
. gen birthday=mdy( month_birth , day_birth , year_birth )
(809182 missing values generated)

. sort birthday health_service age_mother age_father

. gen PT1=birthday[_n]-birthday[_n-1]
(809183 missing values generated)

. gen PT2=health_service[_n]-health_service[_n-1]
(809180 missing values generated)

. gen PT3=age_mother[_n]-age_mother[_n-1]
(809180 missing values generated)

. gen PT4=age_mother[_n]-age_mother[_n-1]
(809180 missing values generated)

. 
end of do-file

. browse

. do "C:\Users\DAMIAN~1.MAN\AppData\Local\Temp\STD00000000.tmp"

. gen potential_twin=1 if PT1==0 & PT2==0 & PT3==0 & PT4==0
(1357576 missing values generated)

. 
end of do-file

. tab potent

potential_t |
        win |      Freq.     Percent        Cum.
------------+-----------------------------------
          1 |    263,753      100.00      100.00
------------+-----------------------------------
      Total |    263,753      100.00

. browse

. codebook

--------------------------------------------------------------------------------------------
sex                                                                              (unlabeled)
--------------------------------------------------------------------------------------------

                  type:  numeric (byte)
                 label:  sex

                 range:  [1,2]                        units:  1
         unique values:  2                        missing .:  809179/1621329

            tabulation:  Freq.   Numeric  Label
                        4.2e+05        1  Male
                        4.0e+05        2  Female
                        8.1e+05        .  

--------------------------------------------------------------------------------------------
day_birth                                                                        (unlabeled)
--------------------------------------------------------------------------------------------

                  type:  numeric (byte)
                 label:  SD99, but 31 nonmissing values are not labeled

                 range:  [1,99]                       units:  1
         unique values:  32                       missing .:  809179/1621329

              examples:  13    
                         25    
                         .     
                         .     

--------------------------------------------------------------------------------------------
month_birth                                                                      (unlabeled)
--------------------------------------------------------------------------------------------

                  type:  numeric (byte)
                 label:  SD99, but 12 nonmissing values are not labeled

                 range:  [1,12]                       units:  1
         unique values:  12                       missing .:  809179/1621329

              examples:  6     
                         10    
                         .     
                         .     

--------------------------------------------------------------------------------------------
year_birth                                                                       (unlabeled)
--------------------------------------------------------------------------------------------

                  type:  numeric (int)

                 range:  [1990,2008]                  units:  1
         unique values:  19                       missing .:  809179/1621329

                  mean:   2002.71
              std. dev:   3.76755

           percentiles:        10%       25%       50%       75%       90%
                              1997      2000      2003      2006      2007

--------------------------------------------------------------------------------------------
weight                                                                           (unlabeled)
--------------------------------------------------------------------------------------------

                  type:  numeric (int)
                 label:  SD9999, but 3499 nonmissing values are not labeled

                 range:  [150,9999]                   units:  1
         unique values:  3500                     missing .:  809179/1621329

              examples:  3200  
                         3670  
                         .     
                         .     

--------------------------------------------------------------------------------------------
size                                                                             (unlabeled)
--------------------------------------------------------------------------------------------

                  type:  numeric (byte)
                 label:  SD99, but 50 nonmissing values are not labeled

                 range:  [12,99]                      units:  1
         unique values:  51                       missing .:  809179/1621329

              examples:  49    
                         51    
                         .     
                         .     

--------------------------------------------------------------------------------------------
weeks                                                                            (unlabeled)
--------------------------------------------------------------------------------------------

                  type:  numeric (byte)
                 label:  SD99, but 37 nonmissing values are not labeled

                 range:  [9,99]                       units:  1
--Break--
r(1);

. browse

. sum course_father

    Variable |       Obs        Mean    Std. Dev.       Min        Max
-------------+--------------------------------------------------------
course_fat~r |    812150    4.948709    2.630482          0          9

. tab course_f

course_fath |
         er |      Freq.     Percent        Cum.
------------+-----------------------------------
          0 |        627        0.08        0.08
          1 |     60,190        7.41        7.49
          2 |     94,984       11.70       19.18
          3 |     67,902        8.36       27.54
          4 |    276,103       34.00       61.54
          5 |     43,528        5.36       66.90
          6 |     22,699        2.79       69.70
          7 |     18,190        2.24       71.94
          8 |     71,689        8.83       80.76
    Missing |    156,238       19.24      100.00
------------+-----------------------------------
      Total |    812,150      100.00

. tab course_m

course_moth |
         er |      Freq.     Percent        Cum.
------------+-----------------------------------
          0 |        992        0.12        0.12
          1 |     86,375       10.64       10.76
          2 |    119,142       14.67       25.43
          3 |     90,797       11.18       36.61
          4 |    331,726       40.85       77.45
          5 |     39,039        4.81       82.26
          6 |     25,345        3.12       85.38
          7 |     28,042        3.45       88.83
          8 |     90,192       11.11       99.94
    Missing |        500        0.06      100.00
------------+-----------------------------------
      Total |    812,150      100.00

. exit, clear
