----------------------------------------------------------------------------------------
      name:  <unnamed>
       log:  H:\ExtendedEssay\Twins\log\20120301_TwinBirth.log
  log type:  text
 opened on:   1 Mar 2012, 12:13:03

. 
. *cd H:\ExtendedEssay\DHS
. *use world_child 
. *sort country
. *by country: sample 10
. use world_childsmall

. 
. probit twinc v107 fert v301 working i.yearint i.continent 

Iteration 0:   log likelihood = -22719.848  
Iteration 1:   log likelihood = -21935.538  
Iteration 2:   log likelihood = -21912.106  
Iteration 3:   log likelihood = -21912.087  
Iteration 4:   log likelihood = -21912.087  

Probit regression                                 Number of obs   =     219895
                                                  LR chi2(27)     =    1615.52
                                                  Prob > chi2     =     0.0000
Log likelihood = -21912.087                       Pseudo R2       =     0.0356

------------------------------------------------------------------------------
       twinc |      Coef.   Std. Err.      z    P>|z|     [95% Conf. Interval]
-------------+----------------------------------------------------------------
        v107 |   .0061073   .0031465     1.94   0.052    -.0000598    .0122744
        fert |   .0699999    .002185    32.04   0.000     .0657173    .0742824
        v301 |   .0519244   .0141142     3.68   0.000     .0242612    .0795877
     working |   .0045366   .0127857     0.35   0.723     -.020523    .0295962
             |
     yearint |
       1987  |  -.0239976   .0591236    -0.41   0.685    -.1398778    .0918825
       1988  |   .0723045   .0637316     1.13   0.257    -.0526072    .1972162
       1989  |  -.1156681    .070622    -1.64   0.101    -.2540847    .0227485
       1990  |   .0430037   .0653505     0.66   0.511     -.085081    .1710885
       1991  |  -.0678076   .0593019    -1.14   0.253    -.1840371    .0484219
       1992  |  -.0650146    .057496    -1.13   0.258    -.1777047    .0476756
       1993  |  -.0771377   .0599288    -1.29   0.198    -.1945961    .0403207
       1994  |  -.0313033   .0656351    -0.48   0.633    -.1599457     .097339
       1995  |  -.0295174   .0602471    -0.49   0.624    -.1475995    .0885646
       1996  |   .0489093   .0559139     0.87   0.382    -.0606799    .1584984
       1997  |  -.0782935   .0620316    -1.26   0.207    -.1998732    .0432861
       1998  |  -.0171347   .0569443    -0.30   0.763    -.1287436    .0944741
       1999  |   .0743865   .0589594     1.26   0.207    -.0411718    .1899449
       2000  |  -.0186042   .0553562    -0.34   0.737    -.1271004    .0898921
       2001  |  -.0308377   .0653181    -0.47   0.637    -.1588588    .0971834
       2002  |   .0067475   .0592604     0.11   0.909    -.1094008    .1228957
       2003  |   -.018942   .0571473    -0.33   0.740    -.1309487    .0930646
       2004  |    .040744   .0580081     0.70   0.482    -.0729498    .1544378
       2005  |   .0508227   .0565806     0.90   0.369    -.0600733    .1617186
       2006  |  -.0393155   .0748208    -0.53   0.599    -.1859615    .1073305
             |
   continent |
          2  |  -.2273947   .0177927   -12.78   0.000    -.2622677   -.1925217
          3  |  -.2335095   .0166861   -13.99   0.000    -.2662137   -.2008053
          4  |  -.1901053   .1080941    -1.76   0.079    -.4019659    .0217553
             |
       _cons |  -2.435786   .0621434   -39.20   0.000    -2.557584   -2.313987
------------------------------------------------------------------------------

. 
. log close
      name:  <unnamed>
       log:  H:\ExtendedEssay\Twins\log\20120301_TwinBirth.log
  log type:  text
 closed on:   1 Mar 2012, 12:14:18
----------------------------------------------------------------------------------------
